<?xml version="1.0" encoding="UTF-8"?>
<!-- Generated by org.testng.reporters.JUnitXMLReporter -->
<testsuite hostname="PC-20180525PVAQ" ignored="0" name="用户管理系统测试用例" tests="3" failures="0" timestamp="09 十月 2019 12:43:55 GMT" time="2.68" errors="0">
  <testcase name="loginTrue" time="0.54" classname="com.course.cases.LoginTest"/>
  <testcase name="loginFalse" time="0.035" classname="com.course.cases.LoginTest"/>
  <testcase name="getUserInfo" time="2.06" classname="com.course.cases.GetUserInfoTest"/>
</testsuite> <!-- 用户管理系统测试用例 -->
