<?xml version="1.0" encoding="UTF-8"?>
<testng-results skipped="0" failed="0" ignored="0" total="3" passed="3">
  <reporter-output>
  </reporter-output>
  <suite name="用户管理系统测试套件" duration-ms="2680" started-at="2019-10-09T12:43:52Z" finished-at="2019-10-09T12:43:55Z">
    <groups>
      <group name="loginTrue">
        <method signature="LoginTest.loginTrue()[pri:0, instance:com.course.cases.LoginTest@2812cbfa]" name="loginTrue" class="com.course.cases.LoginTest"/>
      </group> <!-- loginTrue -->
    </groups>
    <test name="用户管理系统测试用例" duration-ms="2680" started-at="2019-10-09T12:43:52Z" finished-at="2019-10-09T12:43:55Z">
      <class name="com.course.cases.LoginTest">
        <test-method status="PASS" signature="beforeTest()[pri:0, instance:com.course.cases.LoginTest@2812cbfa]" name="beforeTest" is-config="true" duration-ms="30" started-at="2019-10-09T20:43:52Z" description="测试准备工作，获取HttpClient对象" finished-at="2019-10-09T20:43:53Z">
          <reporter-output>
          </reporter-output>
        </test-method> <!-- beforeTest -->
        <test-method status="PASS" signature="loginTrue()[pri:0, instance:com.course.cases.LoginTest@2812cbfa]" name="loginTrue" duration-ms="540" started-at="2019-10-09T20:43:53Z" description="用户成功登陆接口" finished-at="2019-10-09T20:43:53Z">
          <reporter-output>
          </reporter-output>
        </test-method> <!-- loginTrue -->
        <test-method status="PASS" signature="loginFalse()[pri:0, instance:com.course.cases.LoginTest@2812cbfa]" name="loginFalse" duration-ms="35" started-at="2019-10-09T20:43:53Z" description="用户登陆失败接口" finished-at="2019-10-09T20:43:53Z">
          <reporter-output>
          </reporter-output>
        </test-method> <!-- loginFalse -->
      </class> <!-- com.course.cases.LoginTest -->
      <class name="com.course.cases.GetUserInfoTest">
        <test-method status="PASS" signature="getUserInfo()[pri:0, instance:com.course.cases.GetUserInfoTest@2acf57e3]" name="getUserInfo" duration-ms="2060" depends-on-groups="loginTrue" started-at="2019-10-09T20:43:53Z" description="获取userId为1的用户信息" finished-at="2019-10-09T20:43:55Z">
          <reporter-output>
          </reporter-output>
        </test-method> <!-- getUserInfo -->
      </class> <!-- com.course.cases.GetUserInfoTest -->
    </test> <!-- 用户管理系统测试用例 -->
  </suite> <!-- 用户管理系统测试套件 -->
</testng-results>
